Using pre-set license
Built from '2020.3/staging' branch; Version is '2020.3.25f1 (9b9180224418) revision 10195328'; Using compiler version '192528614'; Build Type 'Release'
OS: 'Windows 10  (10.0.19042) 64bit Enterprise' Language: 'en' Physical Memory: 32603 MB
BatchMode: 1, IsHumanControllingUs: 0, StartBugReporterOnCrash: 0, Is64bit: 1, IsPro: 0

COMMAND LINE ARGUMENTS:
C:\Program Files\Unity 2020.3.25f1\Editor\Unity.exe
-adb2
-batchMode
-noUpm
-name
AssetImportWorker0
-projectPath
C:/Users/3ce64b7061da419e/Documents/GitHub/HorrorPrototype/HorrorPrototype
-logFile
Logs/AssetImportWorker0.log
-srvPort
49210
Successfully changed project path to: C:/Users/3ce64b7061da419e/Documents/GitHub/HorrorPrototype/HorrorPrototype
C:/Users/3ce64b7061da419e/Documents/GitHub/HorrorPrototype/HorrorPrototype
Using Asset Import Pipeline V2.
Refreshing native plugins compatible for Editor in 27.34 ms, found 2 plugins.
Preloading 0 native plugins for Editor in 0.00 ms.
Initialize engine version: 2020.3.25f1 (9b9180224418)
[Subsystems] Discovering subsystems at path C:/Program Files/Unity 2020.3.25f1/Editor/Data/Resources/UnitySubsystems
[Subsystems] Discovering subsystems at path C:/Users/3ce64b7061da419e/Documents/GitHub/HorrorPrototype/HorrorPrototype/Assets
GfxDevice: creating device client; threaded=0
Direct3D:
    Version:  Direct3D 11.0 [level 11.1]
    Renderer: NVIDIA Quadro P2000 (ID=0x1c30)
    Vendor:   
    VRAM:     5032 MB
    Driver:   30.0.14.7141
Initialize mono
Mono path[0] = 'C:/Program Files/Unity 2020.3.25f1/Editor/Data/Managed'
Mono path[1] = 'C:/Program Files/Unity 2020.3.25f1/Editor/Data/MonoBleedingEdge/lib/mono/unityjit'
Mono config path = 'C:/Program Files/Unity 2020.3.25f1/Editor/Data/MonoBleedingEdge/etc'
Using monoOptions --debugger-agent=transport=dt_socket,embedding=1,server=y,suspend=n,address=127.0.0.1:56204
Begin MonoManager ReloadAssembly
Registering precompiled unity dll's ...
Register platform support module: C:/Program Files/Unity 2020.3.25f1/Editor/Data/PlaybackEngines/WindowsStandaloneSupport/UnityEditor.WindowsStandalone.Extensions.dll
Registered in 0.001430 seconds.
Native extension for WindowsStandalone target not found
Refreshing native plugins compatible for Editor in 25.83 ms, found 2 plugins.
Preloading 0 native plugins for Editor in 0.00 ms.
Mono: successfully reloaded assembly
- Completed reload, in  0.465 seconds
Domain Reload Profiling:
	ReloadAssembly (465ms)
		BeginReloadAssembly (46ms)
			ExecutionOrderSort (0ms)
			DisableScriptedObjects (0ms)
			BackupInstance (0ms)
			ReleaseScriptingObjects (0ms)
			CreateAndSetChildDomain (1ms)
		EndReloadAssembly (359ms)
			LoadAssemblies (44ms)
			RebuildTransferFunctionScriptingTraits (0ms)
			SetupTypeCache (126ms)
			ReleaseScriptCaches (0ms)
			RebuildScriptCaches (26ms)
			SetupLoadedEditorAssemblies (129ms)
				LogAssemblyErrors (0ms)
				InitializePlatformSupportModulesInManaged (3ms)
				SetLoadedEditorAssemblies (0ms)
				RefreshPlugins (26ms)
				BeforeProcessingInitializeOnLoad (7ms)
				ProcessInitializeOnLoadAttributes (68ms)
				ProcessInitializeOnLoadMethodAttributes (24ms)
				AfterProcessingInitializeOnLoad (0ms)
				EditorAssembliesLoaded (0ms)
			ExecutionOrderSort2 (0ms)
			AwakeInstancesAfterBackupRestoration (0ms)
Platform modules already initialized, skipping
Registering precompiled user dll's ...
Registered in 0.003844 seconds.
Begin MonoManager ReloadAssembly
Native extension for WindowsStandalone target not found
Refreshing native plugins compatible for Editor in 0.28 ms, found 2 plugins.
Preloading 0 native plugins for Editor in 0.00 ms.
Mono: successfully reloaded assembly
- Completed reload, in  0.806 seconds
Domain Reload Profiling:
	ReloadAssembly (806ms)
		BeginReloadAssembly (118ms)
			ExecutionOrderSort (0ms)
			DisableScriptedObjects (4ms)
			BackupInstance (0ms)
			ReleaseScriptingObjects (0ms)
			CreateAndSetChildDomain (16ms)
		EndReloadAssembly (638ms)
			LoadAssemblies (69ms)
			RebuildTransferFunctionScriptingTraits (0ms)
			SetupTypeCache (228ms)
			ReleaseScriptCaches (0ms)
			RebuildScriptCaches (34ms)
			SetupLoadedEditorAssemblies (232ms)
				LogAssemblyErrors (0ms)
				InitializePlatformSupportModulesInManaged (4ms)
				SetLoadedEditorAssemblies (0ms)
				RefreshPlugins (0ms)
				BeforeProcessingInitializeOnLoad (45ms)
				ProcessInitializeOnLoadAttributes (170ms)
				ProcessInitializeOnLoadMethodAttributes (7ms)
				AfterProcessingInitializeOnLoad (5ms)
				EditorAssembliesLoaded (0ms)
			ExecutionOrderSort2 (0ms)
			AwakeInstancesAfterBackupRestoration (5ms)
Platform modules already initialized, skipping
========================================================================
Worker process is ready to serve import requests
Launched and connected shader compiler UnityShaderCompiler.exe after 0.05 seconds
Refreshing native plugins compatible for Editor in 0.30 ms, found 2 plugins.
Preloading 0 native plugins for Editor in 0.00 ms.
Unloading 1503 Unused Serialized files (Serialized files now loaded: 0)
System memory in use before: 68.0 MB.
System memory in use after: 68.0 MB.

Unloading 19 unused Assets to reduce memory usage. Loaded Objects now: 1935.
Total: 2.474100 ms (FindLiveObjects: 0.120900 ms CreateObjectMapping: 0.037800 ms MarkObjects: 2.263100 ms  DeleteObjects: 0.051600 ms)

AssetImportParameters requested are different than current active one (requested -> active):
  custom:framework-win-MediaFoundation: 216162199b28c13a410421893ffa2e32 -> 
  custom:video-decoder-ogg-theora: a1e56fd34408186e4bbccfd4996cb3dc -> 
  custom:container-muxer-webm: aa71ff27fc2769a1b78a27578f13a17b -> 
  custom:container-demuxer-webm: 4f35f7cbe854078d1ac9338744f61a02 -> 
  custom:container-demuxer-ogg: 62fdf1f143b41e24485cea50d1cbac27 -> 
  custom:video-encoder-webm-vp8: eb34c28f22e8b96e1ab97ce403110664 -> 
  custom:video-decoder-webm-vp8: 9c59270c3fd7afecdb556c50c9e8de78 -> 
  custom:audio-decoder-ogg-vorbis: bf7c407c2cedff20999df2af8eb42d56 -> 
  custom:audio-encoder-webm-vorbis: bf7c407c2cedff20999df2af8eb42d56 -> 
========================================================================
Received Import Request.
  path: Assets
  artifactKey: Guid(00000000000000001000000000000000) Importer(815301076,1909f56bfc062723c751e8b465ee728b)
Start importing Assets using Guid(00000000000000001000000000000000) Importer(815301076,1909f56bfc062723c751e8b465ee728b)  -> (artifact id: '42d402b061de3733987d63b9cc3b64de') in 0.006933 seconds 
  Import took 0.008836 seconds .

========================================================================
Received Import Request.
  Time since last request: 0.902417 seconds.
  path: Assets/Art
  artifactKey: Guid(5f569cbd45f2a0243a8c1629ca853414) Importer(815301076,1909f56bfc062723c751e8b465ee728b)
Start importing Assets/Art using Guid(5f569cbd45f2a0243a8c1629ca853414) Importer(815301076,1909f56bfc062723c751e8b465ee728b)  -> (artifact id: 'cfbdf3473cc2dfe2770cb1cec6b2676f') in 0.005250 seconds 
  Import took 0.007166 seconds .

========================================================================
Received Import Request.
  Time since last request: 13.288324 seconds.
  path: Assets/Art/Animations
  artifactKey: Guid(078a4e6a00b67bd4aa3926ed5801a316) Importer(815301076,1909f56bfc062723c751e8b465ee728b)
Start importing Assets/Art/Animations using Guid(078a4e6a00b67bd4aa3926ed5801a316) Importer(815301076,1909f56bfc062723c751e8b465ee728b)  -> (artifact id: 'be714004c4ccd0f92305de2aa47ef026') in 0.005689 seconds 
  Import took 0.007638 seconds .

========================================================================
Received Import Request.
  Time since last request: 10.697182 seconds.
  path: Assets/Art/Animations/Controllers
  artifactKey: Guid(4ebc637904a6dc94686d3d7124380d13) Importer(815301076,1909f56bfc062723c751e8b465ee728b)
Start importing Assets/Art/Animations/Controllers using Guid(4ebc637904a6dc94686d3d7124380d13) Importer(815301076,1909f56bfc062723c751e8b465ee728b)  -> (artifact id: '9025a03d90b22f00753c3cbca7b25af6') in 0.005216 seconds 
  Import took 0.007166 seconds .

========================================================================
Received Import Request.
  Time since last request: 6.489171 seconds.
  path: Assets/Scripts
  artifactKey: Guid(c802acaa46a42ab49a3b06ac71a1e974) Importer(815301076,1909f56bfc062723c751e8b465ee728b)
Start importing Assets/Scripts using Guid(c802acaa46a42ab49a3b06ac71a1e974) Importer(815301076,1909f56bfc062723c751e8b465ee728b)  -> (artifact id: '477b5198ad2199ba69a3f753fc4c5467') in 0.005295 seconds 
  Import took 0.007219 seconds .

========================================================================
Received Import Request.
  Time since last request: 17.587888 seconds.
  path: Assets/Art/Models
  artifactKey: Guid(e2c95e0210b1a97498ad7105cc053d6a) Importer(815301076,1909f56bfc062723c751e8b465ee728b)
Start importing Assets/Art/Models using Guid(e2c95e0210b1a97498ad7105cc053d6a) Importer(815301076,1909f56bfc062723c751e8b465ee728b)  -> (artifact id: 'edadc4e9cc3a730df0ff4ce226f0307b') in 0.005369 seconds 
  Import took 0.007295 seconds .

========================================================================
Received Import Request.
  Time since last request: 7.755905 seconds.
  path: Assets/Art/Models/Textures and Materials
  artifactKey: Guid(a516e892db05a034c9613f73cc516572) Importer(815301076,1909f56bfc062723c751e8b465ee728b)
Start importing Assets/Art/Models/Textures and Materials using Guid(a516e892db05a034c9613f73cc516572) Importer(815301076,1909f56bfc062723c751e8b465ee728b)  -> (artifact id: 'a2d4c3c8b350458f6d049279411eceb2') in 0.005553 seconds 
  Import took 0.007443 seconds .

========================================================================
Received Import Request.
  Time since last request: 6.723464 seconds.
  path: Assets/Scripts/PlayerMovement.cs
  artifactKey: Guid(f71cfaa5d29db7e428a9282976852626) Importer(815301076,1909f56bfc062723c751e8b465ee728b)
Start importing Assets/Scripts/PlayerMovement.cs using Guid(f71cfaa5d29db7e428a9282976852626) Importer(815301076,1909f56bfc062723c751e8b465ee728b)  -> (artifact id: 'b57ec42dbb41fef6c4659b0fea8a299e') in 0.028270 seconds 
  Import took 0.030193 seconds .

========================================================================
Received Prepare
Registering precompiled user dll's ...
Registered in 0.003650 seconds.
Begin MonoManager ReloadAssembly
Native extension for WindowsStandalone target not found
Refreshing native plugins compatible for Editor in 0.31 ms, found 2 plugins.
Preloading 0 native plugins for Editor in 0.00 ms.
Mono: successfully reloaded assembly
- Completed reload, in  0.758 seconds
Domain Reload Profiling:
	ReloadAssembly (758ms)
		BeginReloadAssembly (94ms)
			ExecutionOrderSort (0ms)
			DisableScriptedObjects (3ms)
			BackupInstance (0ms)
			ReleaseScriptingObjects (0ms)
			CreateAndSetChildDomain (25ms)
		EndReloadAssembly (615ms)
			LoadAssemblies (67ms)
			RebuildTransferFunctionScriptingTraits (0ms)
			SetupTypeCache (225ms)
			ReleaseScriptCaches (1ms)
			RebuildScriptCaches (30ms)
			SetupLoadedEditorAssemblies (216ms)
				LogAssemblyErrors (0ms)
				InitializePlatformSupportModulesInManaged (4ms)
				SetLoadedEditorAssemblies (0ms)
				RefreshPlugins (0ms)
				BeforeProcessingInitializeOnLoad (40ms)
				ProcessInitializeOnLoadAttributes (159ms)
				ProcessInitializeOnLoadMethodAttributes (7ms)
				AfterProcessingInitializeOnLoad (5ms)
				EditorAssembliesLoaded (0ms)
			ExecutionOrderSort2 (0ms)
			AwakeInstancesAfterBackupRestoration (5ms)
Platform modules already initialized, skipping
Refreshing native plugins compatible for Editor in 0.28 ms, found 2 plugins.
Preloading 0 native plugins for Editor in 0.00 ms.
Unloading 1498 Unused Serialized files (Serialized files now loaded: 0)
System memory in use before: 67.9 MB.
System memory in use after: 68.0 MB.

Unloading 14 unused Assets to reduce memory usage. Loaded Objects now: 1938.
Total: 2.324300 ms (FindLiveObjects: 0.111400 ms CreateObjectMapping: 0.036100 ms MarkObjects: 2.164600 ms  DeleteObjects: 0.011400 ms)

AssetImportParameters requested are different than current active one (requested -> active):
  custom:framework-win-MediaFoundation: 216162199b28c13a410421893ffa2e32 -> 
  custom:video-decoder-ogg-theora: a1e56fd34408186e4bbccfd4996cb3dc -> 
  custom:container-muxer-webm: aa71ff27fc2769a1b78a27578f13a17b -> 
  custom:container-demuxer-webm: 4f35f7cbe854078d1ac9338744f61a02 -> 
  custom:container-demuxer-ogg: 62fdf1f143b41e24485cea50d1cbac27 -> 
  custom:video-encoder-webm-vp8: eb34c28f22e8b96e1ab97ce403110664 -> 
  custom:video-decoder-webm-vp8: 9c59270c3fd7afecdb556c50c9e8de78 -> 
  custom:audio-decoder-ogg-vorbis: bf7c407c2cedff20999df2af8eb42d56 -> 
  custom:audio-encoder-webm-vorbis: bf7c407c2cedff20999df2af8eb42d56 -> 
========================================================================
Received Import Request.
  Time since last request: 11.122059 seconds.
  path: Assets/Art/Models/Ch35_nonPBR.fbx
  artifactKey: Guid(279bab423a2e15643ab60637114eb643) Importer(815301076,1909f56bfc062723c751e8b465ee728b)
Start importing Assets/Art/Models/Ch35_nonPBR.fbx using Guid(279bab423a2e15643ab60637114eb643) Importer(815301076,1909f56bfc062723c751e8b465ee728b)  -> (artifact id: 'b5c2ff34a904d4b02c1c6143f9938ce0') in 0.382353 seconds 
  Import took 0.384639 seconds .

========================================================================
Received Import Request.
  Time since last request: 7.433009 seconds.
  path: Assets/Art/Models/Ch35_nonPBR.fbx
  artifactKey: Guid(279bab423a2e15643ab60637114eb643) Importer(815301076,1909f56bfc062723c751e8b465ee728b)
Start importing Assets/Art/Models/Ch35_nonPBR.fbx using Guid(279bab423a2e15643ab60637114eb643) Importer(815301076,1909f56bfc062723c751e8b465ee728b)  -> (artifact id: '0730ccb9ee08aa016e266c3c09bdfd1f') in 0.029844 seconds 
  Import took 0.032126 seconds .

========================================================================
Received Import Request.
  Time since last request: 17.195446 seconds.
  path: Assets/Art/Models/Ch35_nonPBR.fbx
  artifactKey: Guid(279bab423a2e15643ab60637114eb643) Importer(815301076,1909f56bfc062723c751e8b465ee728b)
Start importing Assets/Art/Models/Ch35_nonPBR.fbx using Guid(279bab423a2e15643ab60637114eb643) Importer(815301076,1909f56bfc062723c751e8b465ee728b)  -> (artifact id: 'c03faa55e4cc4aca43df1e6099d61910') in 0.060431 seconds 
  Import took 0.063234 seconds .

========================================================================
Received Import Request.
  Time since last request: 10.768012 seconds.
  path: Assets/Art/Models/Ch35_nonPBR.fbx
  artifactKey: Guid(279bab423a2e15643ab60637114eb643) Importer(815301076,1909f56bfc062723c751e8b465ee728b)
Start importing Assets/Art/Models/Ch35_nonPBR.fbx using Guid(279bab423a2e15643ab60637114eb643) Importer(815301076,1909f56bfc062723c751e8b465ee728b)  -> (artifact id: '171ebf3ea746f6d607961cd5eaa628fd') in 0.033503 seconds 
  Import took 0.036678 seconds .

========================================================================
Received Import Request.
  Time since last request: 38.785521 seconds.
  path: Assets/Art/Animations/Controllers/CharacterController.controller
  artifactKey: Guid(0202e6a457bed0b44b6aa57dd6a4af74) Importer(815301076,1909f56bfc062723c751e8b465ee728b)
Start importing Assets/Art/Animations/Controllers/CharacterController.controller using Guid(0202e6a457bed0b44b6aa57dd6a4af74) Importer(815301076,1909f56bfc062723c751e8b465ee728b)  -> (artifact id: '32a8ec17e24b367c22ee16907c136e8b') in 0.011436 seconds 
  Import took 0.013683 seconds .

========================================================================
Received Import Request.
  Time since last request: 34.718590 seconds.
  path: Assets/_IMPORTS
  artifactKey: Guid(1ccb7b84f6c4fa34eba3130c86178bbc) Importer(815301076,1909f56bfc062723c751e8b465ee728b)
Start importing Assets/_IMPORTS using Guid(1ccb7b84f6c4fa34eba3130c86178bbc) Importer(815301076,1909f56bfc062723c751e8b465ee728b)  -> (artifact id: '5771962d24fd0d7a2d9faa2c7d34b41b') in 0.005517 seconds 
  Import took 0.007683 seconds .

========================================================================
Received Import Request.
  Time since last request: 5.059387 seconds.
  path: Assets/_IMPORTS/Locomotion Pack/idle.fbx
  artifactKey: Guid(fe662107a4588b7479039356355e5c46) Importer(815301076,1909f56bfc062723c751e8b465ee728b)
Start importing Assets/_IMPORTS/Locomotion Pack/idle.fbx using Guid(fe662107a4588b7479039356355e5c46) Importer(815301076,1909f56bfc062723c751e8b465ee728b)  -> (artifact id: '07263c3db52f706465a89ea10e8f50db') in 0.009303 seconds 
  Import took 0.011609 seconds .

========================================================================
Received Import Request.
  Time since last request: 3.402174 seconds.
  path: Assets/_IMPORTS/Locomotion Pack/walking.fbx
  artifactKey: Guid(1f05252a37b052b46b5cf4367ecfe553) Importer(815301076,1909f56bfc062723c751e8b465ee728b)
Start importing Assets/_IMPORTS/Locomotion Pack/walking.fbx using Guid(1f05252a37b052b46b5cf4367ecfe553) Importer(815301076,1909f56bfc062723c751e8b465ee728b)  -> (artifact id: '92614229a0d9ea6baea9eca674c53298') in 0.009184 seconds 
  Import took 0.011724 seconds .

========================================================================
Received Import Request.
  Time since last request: 7.065832 seconds.
  path: Assets/_IMPORTS/Locomotion Pack/walking.fbx
  artifactKey: Guid(1f05252a37b052b46b5cf4367ecfe553) Importer(815301076,1909f56bfc062723c751e8b465ee728b)
Start importing Assets/_IMPORTS/Locomotion Pack/walking.fbx using Guid(1f05252a37b052b46b5cf4367ecfe553) Importer(815301076,1909f56bfc062723c751e8b465ee728b)  -> (artifact id: '060edc953a9ff63713c7c197a17cabbd') in 0.005416 seconds 
  Import took 0.007610 seconds .

========================================================================
Received Import Request.
  Time since last request: 4.413696 seconds.
  path: Assets/_IMPORTS/Locomotion Pack/idle.fbx
  artifactKey: Guid(fe662107a4588b7479039356355e5c46) Importer(815301076,1909f56bfc062723c751e8b465ee728b)
Start importing Assets/_IMPORTS/Locomotion Pack/idle.fbx using Guid(fe662107a4588b7479039356355e5c46) Importer(815301076,1909f56bfc062723c751e8b465ee728b)  -> (artifact id: '00f0d47bfa58dbf5f58b847e1dfe83cd') in 0.005854 seconds 
  Import took 0.008121 seconds .

========================================================================
Received Import Request.
  Time since last request: 11.614053 seconds.
  path: Assets/_IMPORTS/Locomotion Pack/idle.fbx
  artifactKey: Guid(fe662107a4588b7479039356355e5c46) Importer(815301076,1909f56bfc062723c751e8b465ee728b)
Start importing Assets/_IMPORTS/Locomotion Pack/idle.fbx using Guid(fe662107a4588b7479039356355e5c46) Importer(815301076,1909f56bfc062723c751e8b465ee728b)  -> (artifact id: '989faca8ac23ba1d4f26929326ad5514') in 0.005445 seconds 
  Import took 0.007870 seconds .

========================================================================
Received Import Request.
  Time since last request: 1.858395 seconds.
  path: Assets/_IMPORTS/Locomotion Pack/left strafe walking.fbx
  artifactKey: Guid(f0728eb958dffb04b90ed4effbde7557) Importer(815301076,1909f56bfc062723c751e8b465ee728b)
Start importing Assets/_IMPORTS/Locomotion Pack/left strafe walking.fbx using Guid(f0728eb958dffb04b90ed4effbde7557) Importer(815301076,1909f56bfc062723c751e8b465ee728b)  -> (artifact id: '4930faede8fa0b6ca0a51ce80ce03fcf') in 0.009608 seconds 
  Import took 0.011857 seconds .

========================================================================
Received Import Request.
  Time since last request: 7.959423 seconds.
  path: Assets/_IMPORTS/Locomotion Pack/left turn 90.fbx
  artifactKey: Guid(10bc21daf0c4df044b86fc663147426c) Importer(815301076,1909f56bfc062723c751e8b465ee728b)
Start importing Assets/_IMPORTS/Locomotion Pack/left turn 90.fbx using Guid(10bc21daf0c4df044b86fc663147426c) Importer(815301076,1909f56bfc062723c751e8b465ee728b)  -> (artifact id: '2bb6f52305bded07e5fcbdd0cb782781') in 0.009623 seconds 
  Import took 0.011873 seconds .

========================================================================
Received Import Request.
  Time since last request: 8.926983 seconds.
  path: Assets/_IMPORTS/Locomotion Pack/left turn 90.fbx
  artifactKey: Guid(10bc21daf0c4df044b86fc663147426c) Importer(815301076,1909f56bfc062723c751e8b465ee728b)
Start importing Assets/_IMPORTS/Locomotion Pack/left turn 90.fbx using Guid(10bc21daf0c4df044b86fc663147426c) Importer(815301076,1909f56bfc062723c751e8b465ee728b)  -> (artifact id: '49b9d91d88bf32cb582317fcd32f55b6') in 0.005548 seconds 
  Import took 0.007897 seconds .

========================================================================
Received Import Request.
  Time since last request: 2.153910 seconds.
  path: Assets/_IMPORTS/Locomotion Pack/right turn 90.fbx
  artifactKey: Guid(abf172d6035fc7642a8fbbb93b801fdd) Importer(815301076,1909f56bfc062723c751e8b465ee728b)
Start importing Assets/_IMPORTS/Locomotion Pack/right turn 90.fbx using Guid(abf172d6035fc7642a8fbbb93b801fdd) Importer(815301076,1909f56bfc062723c751e8b465ee728b)  -> (artifact id: '75b05bd937a3c181cd23cfe79ccc3a94') in 0.009399 seconds 
  Import took 0.011691 seconds .

========================================================================
Received Import Request.
  Time since last request: 8.229751 seconds.
  path: Assets/_IMPORTS/Locomotion Pack/right turn 90.fbx
  artifactKey: Guid(abf172d6035fc7642a8fbbb93b801fdd) Importer(815301076,1909f56bfc062723c751e8b465ee728b)
Start importing Assets/_IMPORTS/Locomotion Pack/right turn 90.fbx using Guid(abf172d6035fc7642a8fbbb93b801fdd) Importer(815301076,1909f56bfc062723c751e8b465ee728b)  -> (artifact id: '1063e71c8a1b33db44d692de3e84545f') in 0.005279 seconds 
  Import took 0.007536 seconds .

========================================================================
Received Import Request.
  Time since last request: 4.438318 seconds.
  path: Assets/_IMPORTS/Locomotion Pack/running.fbx
  artifactKey: Guid(0029846064d78ca44a7c14c40506117e) Importer(815301076,1909f56bfc062723c751e8b465ee728b)
Start importing Assets/_IMPORTS/Locomotion Pack/running.fbx using Guid(0029846064d78ca44a7c14c40506117e) Importer(815301076,1909f56bfc062723c751e8b465ee728b)  -> (artifact id: '150d70f3a198e08c257625893ad146a3') in 0.009456 seconds 
  Import took 0.011796 seconds .

========================================================================
Received Import Request.
  Time since last request: 5.803965 seconds.
  path: Assets/_IMPORTS/Locomotion Pack/right turn 90.fbx
  artifactKey: Guid(abf172d6035fc7642a8fbbb93b801fdd) Importer(815301076,1909f56bfc062723c751e8b465ee728b)
Start importing Assets/_IMPORTS/Locomotion Pack/right turn 90.fbx using Guid(abf172d6035fc7642a8fbbb93b801fdd) Importer(815301076,1909f56bfc062723c751e8b465ee728b)  -> (artifact id: 'b7a80b1f674b7ccbd056a82c3c02be0b') in 0.005556 seconds 
  Import took 0.008099 seconds .

========================================================================
Received Import Request.
  Time since last request: 18.990954 seconds.
  path: Assets/_IMPORTS/Locomotion Pack/running.fbx
  artifactKey: Guid(0029846064d78ca44a7c14c40506117e) Importer(815301076,1909f56bfc062723c751e8b465ee728b)
Start importing Assets/_IMPORTS/Locomotion Pack/running.fbx using Guid(0029846064d78ca44a7c14c40506117e) Importer(815301076,1909f56bfc062723c751e8b465ee728b)  -> (artifact id: '1907d9abecfd12a64c91eb86ae3c3249') in 0.005480 seconds 
  Import took 0.008014 seconds .

========================================================================
Received Import Request.
  Time since last request: 9.600211 seconds.
  path: Assets/_IMPORTS/Locomotion Pack/walking.fbx
  artifactKey: Guid(1f05252a37b052b46b5cf4367ecfe553) Importer(815301076,1909f56bfc062723c751e8b465ee728b)
Start importing Assets/_IMPORTS/Locomotion Pack/walking.fbx using Guid(1f05252a37b052b46b5cf4367ecfe553) Importer(815301076,1909f56bfc062723c751e8b465ee728b)  -> (artifact id: 'ff898be6d321d5d160df584a0d677ef6') in 0.005461 seconds 
  Import took 0.008126 seconds .

========================================================================
Received Import Request.
  Time since last request: 64.112538 seconds.
  path: Assets/_IMPORTS/Locomotion Pack/jump.fbx
  artifactKey: Guid(ce785c5d5e6d77646bee85bf0d8784be) Importer(815301076,1909f56bfc062723c751e8b465ee728b)
Start importing Assets/_IMPORTS/Locomotion Pack/jump.fbx using Guid(ce785c5d5e6d77646bee85bf0d8784be) Importer(815301076,1909f56bfc062723c751e8b465ee728b)  -> (artifact id: '03abcdb22490ac2bd7b113b1750d2115') in 0.009884 seconds 
  Import took 0.012321 seconds .

========================================================================
Received Import Request.
  Time since last request: 0.000282 seconds.
  path: Assets/_IMPORTS/Locomotion Pack/left strafe.fbx
  artifactKey: Guid(29f55ffbec7c1d34da109317d13f0940) Importer(815301076,1909f56bfc062723c751e8b465ee728b)
Start importing Assets/_IMPORTS/Locomotion Pack/left strafe.fbx using Guid(29f55ffbec7c1d34da109317d13f0940) Importer(815301076,1909f56bfc062723c751e8b465ee728b)  -> (artifact id: 'e61870cf4d5be8308b6bbcd019d58d3b') in 0.009268 seconds 
  Import took 0.011621 seconds .

========================================================================
Received Import Request.
  Time since last request: 0.000318 seconds.
  path: Assets/_IMPORTS/Locomotion Pack/left turn.fbx
  artifactKey: Guid(80cbf105e2db6ec4e818b8c75da2fce8) Importer(815301076,1909f56bfc062723c751e8b465ee728b)
Start importing Assets/_IMPORTS/Locomotion Pack/left turn.fbx using Guid(80cbf105e2db6ec4e818b8c75da2fce8) Importer(815301076,1909f56bfc062723c751e8b465ee728b)  -> (artifact id: 'ba58d8ef2990143087c44cd647a4aa0c') in 0.009251 seconds 
  Import took 0.011474 seconds .

========================================================================
Received Import Request.
  Time since last request: 0.000207 seconds.
  path: Assets/_IMPORTS/Locomotion Pack/right strafe.fbx
  artifactKey: Guid(4ed7d644732c01046adc9487dae8e052) Importer(815301076,1909f56bfc062723c751e8b465ee728b)
Start importing Assets/_IMPORTS/Locomotion Pack/right strafe.fbx using Guid(4ed7d644732c01046adc9487dae8e052) Importer(815301076,1909f56bfc062723c751e8b465ee728b)  -> (artifact id: 'ba8c6d407996ee66c151c6cb21e1d05d') in 0.009559 seconds 
  Import took 0.011699 seconds .

========================================================================
Received Import Request.
  Time since last request: 0.000233 seconds.
  path: Assets/_IMPORTS/Locomotion Pack/right strafe walking.fbx
  artifactKey: Guid(0a1318bff1851f944a18daff1a651585) Importer(815301076,1909f56bfc062723c751e8b465ee728b)
Start importing Assets/_IMPORTS/Locomotion Pack/right strafe walking.fbx using Guid(0a1318bff1851f944a18daff1a651585) Importer(815301076,1909f56bfc062723c751e8b465ee728b)  -> (artifact id: 'fe6dca298548a326ed78e5577980043f') in 0.009618 seconds 
  Import took 0.011763 seconds .

========================================================================
Received Prepare
Registering precompiled user dll's ...
Registered in 0.132437 seconds.
Begin MonoManager ReloadAssembly
Native extension for WindowsStandalone target not found
Refreshing native plugins compatible for Editor in 0.46 ms, found 2 plugins.
Preloading 0 native plugins for Editor in 0.00 ms.
Mono: successfully reloaded assembly
- Completed reload, in  0.760 seconds
Domain Reload Profiling:
	ReloadAssembly (760ms)
		BeginReloadAssembly (94ms)
			ExecutionOrderSort (0ms)
			DisableScriptedObjects (3ms)
			BackupInstance (0ms)
			ReleaseScriptingObjects (0ms)
			CreateAndSetChildDomain (26ms)
		EndReloadAssembly (616ms)
			LoadAssemblies (67ms)
			RebuildTransferFunctionScriptingTraits (0ms)
			SetupTypeCache (217ms)
			ReleaseScriptCaches (1ms)
			RebuildScriptCaches (30ms)
			SetupLoadedEditorAssemblies (216ms)
				LogAssemblyErrors (0ms)
				InitializePlatformSupportModulesInManaged (5ms)
				SetLoadedEditorAssemblies (1ms)
				RefreshPlugins (1ms)
				BeforeProcessingInitializeOnLoad (41ms)
				ProcessInitializeOnLoadAttributes (157ms)
				ProcessInitializeOnLoadMethodAttributes (7ms)
				AfterProcessingInitializeOnLoad (5ms)
				EditorAssembliesLoaded (0ms)
			ExecutionOrderSort2 (0ms)
			AwakeInstancesAfterBackupRestoration (5ms)
Platform modules already initialized, skipping
Refreshing native plugins compatible for Editor in 0.37 ms, found 2 plugins.
Preloading 0 native plugins for Editor in 0.00 ms.
Unloading 1498 Unused Serialized files (Serialized files now loaded: 0)
System memory in use before: 85.0 MB.
System memory in use after: 85.2 MB.

Unloading 14 unused Assets to reduce memory usage. Loaded Objects now: 1984.
Total: 2.170900 ms (FindLiveObjects: 0.100800 ms CreateObjectMapping: 0.037900 ms MarkObjects: 2.012400 ms  DeleteObjects: 0.019200 ms)

AssetImportParameters requested are different than current active one (requested -> active):
  custom:framework-win-MediaFoundation: 216162199b28c13a410421893ffa2e32 -> 
  custom:video-decoder-ogg-theora: a1e56fd34408186e4bbccfd4996cb3dc -> 
  custom:container-muxer-webm: aa71ff27fc2769a1b78a27578f13a17b -> 
  custom:container-demuxer-webm: 4f35f7cbe854078d1ac9338744f61a02 -> 
  custom:container-demuxer-ogg: 62fdf1f143b41e24485cea50d1cbac27 -> 
  custom:video-encoder-webm-vp8: eb34c28f22e8b96e1ab97ce403110664 -> 
  custom:video-decoder-webm-vp8: 9c59270c3fd7afecdb556c50c9e8de78 -> 
  custom:audio-decoder-ogg-vorbis: bf7c407c2cedff20999df2af8eb42d56 -> 
  custom:audio-encoder-webm-vorbis: bf7c407c2cedff20999df2af8eb42d56 -> 
========================================================================
Received Prepare
Registering precompiled user dll's ...
Registered in 0.004301 seconds.
Begin MonoManager ReloadAssembly
Native extension for WindowsStandalone target not found
Refreshing native plugins compatible for Editor in 0.28 ms, found 2 plugins.
Preloading 0 native plugins for Editor in 0.00 ms.
Mono: successfully reloaded assembly
- Completed reload, in  0.753 seconds
Domain Reload Profiling:
	ReloadAssembly (753ms)
		BeginReloadAssembly (97ms)
			ExecutionOrderSort (0ms)
			DisableScriptedObjects (3ms)
			BackupInstance (0ms)
			ReleaseScriptingObjects (0ms)
			CreateAndSetChildDomain (27ms)
		EndReloadAssembly (606ms)
			LoadAssemblies (66ms)
			RebuildTransferFunctionScriptingTraits (0ms)
			SetupTypeCache (219ms)
			ReleaseScriptCaches (1ms)
			RebuildScriptCaches (31ms)
			SetupLoadedEditorAssemblies (213ms)
				LogAssemblyErrors (0ms)
				InitializePlatformSupportModulesInManaged (4ms)
				SetLoadedEditorAssemblies (0ms)
				RefreshPlugins (0ms)
				BeforeProcessingInitializeOnLoad (41ms)
				ProcessInitializeOnLoadAttributes (156ms)
				ProcessInitializeOnLoadMethodAttributes (7ms)
				AfterProcessingInitializeOnLoad (5ms)
				EditorAssembliesLoaded (0ms)
			ExecutionOrderSort2 (0ms)
			AwakeInstancesAfterBackupRestoration (5ms)
Platform modules already initialized, skipping
Refreshing native plugins compatible for Editor in 0.28 ms, found 2 plugins.
Preloading 0 native plugins for Editor in 0.00 ms.
Unloading 1498 Unused Serialized files (Serialized files now loaded: 0)
System memory in use before: 85.1 MB.
System memory in use after: 85.2 MB.

Unloading 14 unused Assets to reduce memory usage. Loaded Objects now: 1986.
Total: 2.227900 ms (FindLiveObjects: 0.101200 ms CreateObjectMapping: 0.033600 ms MarkObjects: 2.081600 ms  DeleteObjects: 0.010900 ms)

AssetImportParameters requested are different than current active one (requested -> active):
  custom:framework-win-MediaFoundation: 216162199b28c13a410421893ffa2e32 -> 
  custom:video-decoder-ogg-theora: a1e56fd34408186e4bbccfd4996cb3dc -> 
  custom:container-muxer-webm: aa71ff27fc2769a1b78a27578f13a17b -> 
  custom:container-demuxer-webm: 4f35f7cbe854078d1ac9338744f61a02 -> 
  custom:container-demuxer-ogg: 62fdf1f143b41e24485cea50d1cbac27 -> 
  custom:video-encoder-webm-vp8: eb34c28f22e8b96e1ab97ce403110664 -> 
  custom:video-decoder-webm-vp8: 9c59270c3fd7afecdb556c50c9e8de78 -> 
  custom:audio-decoder-ogg-vorbis: bf7c407c2cedff20999df2af8eb42d56 -> 
  custom:audio-encoder-webm-vorbis: bf7c407c2cedff20999df2af8eb42d56 -> 
========================================================================
Received Prepare
Registering precompiled user dll's ...
Registered in 0.003738 seconds.
Begin MonoManager ReloadAssembly
Native extension for WindowsStandalone target not found
Refreshing native plugins compatible for Editor in 0.29 ms, found 2 plugins.
Preloading 0 native plugins for Editor in 0.00 ms.
Mono: successfully reloaded assembly
- Completed reload, in  0.752 seconds
Domain Reload Profiling:
	ReloadAssembly (753ms)
		BeginReloadAssembly (90ms)
			ExecutionOrderSort (0ms)
			DisableScriptedObjects (4ms)
			BackupInstance (0ms)
			ReleaseScriptingObjects (0ms)
			CreateAndSetChildDomain (24ms)
		EndReloadAssembly (611ms)
			LoadAssemblies (67ms)
			RebuildTransferFunctionScriptingTraits (0ms)
			SetupTypeCache (223ms)
			ReleaseScriptCaches (1ms)
			RebuildScriptCaches (30ms)
			SetupLoadedEditorAssemblies (214ms)
				LogAssemblyErrors (0ms)
				InitializePlatformSupportModulesInManaged (4ms)
				SetLoadedEditorAssemblies (0ms)
				RefreshPlugins (0ms)
				BeforeProcessingInitializeOnLoad (41ms)
				ProcessInitializeOnLoadAttributes (157ms)
				ProcessInitializeOnLoadMethodAttributes (7ms)
				AfterProcessingInitializeOnLoad (5ms)
				EditorAssembliesLoaded (0ms)
			ExecutionOrderSort2 (0ms)
			AwakeInstancesAfterBackupRestoration (5ms)
Platform modules already initialized, skipping
Refreshing native plugins compatible for Editor in 0.29 ms, found 2 plugins.
Preloading 0 native plugins for Editor in 0.00 ms.
Unloading 1498 Unused Serialized files (Serialized files now loaded: 0)
System memory in use before: 85.1 MB.
System memory in use after: 85.2 MB.

Unloading 14 unused Assets to reduce memory usage. Loaded Objects now: 1988.
Total: 2.215000 ms (FindLiveObjects: 0.119400 ms CreateObjectMapping: 0.041000 ms MarkObjects: 2.042600 ms  DeleteObjects: 0.011200 ms)

AssetImportParameters requested are different than current active one (requested -> active):
  custom:framework-win-MediaFoundation: 216162199b28c13a410421893ffa2e32 -> 
  custom:video-decoder-ogg-theora: a1e56fd34408186e4bbccfd4996cb3dc -> 
  custom:container-muxer-webm: aa71ff27fc2769a1b78a27578f13a17b -> 
  custom:container-demuxer-webm: 4f35f7cbe854078d1ac9338744f61a02 -> 
  custom:container-demuxer-ogg: 62fdf1f143b41e24485cea50d1cbac27 -> 
  custom:video-encoder-webm-vp8: eb34c28f22e8b96e1ab97ce403110664 -> 
  custom:video-decoder-webm-vp8: 9c59270c3fd7afecdb556c50c9e8de78 -> 
  custom:audio-decoder-ogg-vorbis: bf7c407c2cedff20999df2af8eb42d56 -> 
  custom:audio-encoder-webm-vorbis: bf7c407c2cedff20999df2af8eb42d56 -> 
========================================================================
Received Prepare
Registering precompiled user dll's ...
Registered in 0.003733 seconds.
Begin MonoManager ReloadAssembly
Native extension for WindowsStandalone target not found
Refreshing native plugins compatible for Editor in 0.29 ms, found 2 plugins.
Preloading 0 native plugins for Editor in 0.00 ms.
Mono: successfully reloaded assembly
- Completed reload, in  0.760 seconds
Domain Reload Profiling:
	ReloadAssembly (761ms)
		BeginReloadAssembly (90ms)
			ExecutionOrderSort (0ms)
			DisableScriptedObjects (4ms)
			BackupInstance (0ms)
			ReleaseScriptingObjects (0ms)
			CreateAndSetChildDomain (24ms)
		EndReloadAssembly (621ms)
			LoadAssemblies (68ms)
			RebuildTransferFunctionScriptingTraits (0ms)
			SetupTypeCache (226ms)
			ReleaseScriptCaches (1ms)
			RebuildScriptCaches (31ms)
			SetupLoadedEditorAssemblies (216ms)
				LogAssemblyErrors (0ms)
				InitializePlatformSupportModulesInManaged (4ms)
				SetLoadedEditorAssemblies (0ms)
				RefreshPlugins (0ms)
				BeforeProcessingInitializeOnLoad (41ms)
				ProcessInitializeOnLoadAttributes (159ms)
				ProcessInitializeOnLoadMethodAttributes (7ms)
				AfterProcessingInitializeOnLoad (5ms)
				EditorAssembliesLoaded (0ms)
			ExecutionOrderSort2 (0ms)
			AwakeInstancesAfterBackupRestoration (5ms)
Platform modules already initialized, skipping
Refreshing native plugins compatible for Editor in 0.29 ms, found 2 plugins.
Preloading 0 native plugins for Editor in 0.00 ms.
Unloading 1498 Unused Serialized files (Serialized files now loaded: 0)
System memory in use before: 85.1 MB.
System memory in use after: 85.2 MB.

Unloading 14 unused Assets to reduce memory usage. Loaded Objects now: 1990.
Total: 2.231800 ms (FindLiveObjects: 0.114800 ms CreateObjectMapping: 0.040000 ms MarkObjects: 2.064000 ms  DeleteObjects: 0.012400 ms)

AssetImportParameters requested are different than current active one (requested -> active):
  custom:framework-win-MediaFoundation: 216162199b28c13a410421893ffa2e32 -> 
  custom:video-decoder-ogg-theora: a1e56fd34408186e4bbccfd4996cb3dc -> 
  custom:container-muxer-webm: aa71ff27fc2769a1b78a27578f13a17b -> 
  custom:container-demuxer-webm: 4f35f7cbe854078d1ac9338744f61a02 -> 
  custom:container-demuxer-ogg: 62fdf1f143b41e24485cea50d1cbac27 -> 
  custom:video-encoder-webm-vp8: eb34c28f22e8b96e1ab97ce403110664 -> 
  custom:video-decoder-webm-vp8: 9c59270c3fd7afecdb556c50c9e8de78 -> 
  custom:audio-decoder-ogg-vorbis: bf7c407c2cedff20999df2af8eb42d56 -> 
  custom:audio-encoder-webm-vorbis: bf7c407c2cedff20999df2af8eb42d56 -> 
========================================================================
Received Prepare
Registering precompiled user dll's ...
Registered in 0.005070 seconds.
Begin MonoManager ReloadAssembly
Native extension for WindowsStandalone target not found
Refreshing native plugins compatible for Editor in 0.28 ms, found 2 plugins.
Preloading 0 native plugins for Editor in 0.00 ms.
Mono: successfully reloaded assembly
- Completed reload, in  0.753 seconds
Domain Reload Profiling:
	ReloadAssembly (754ms)
		BeginReloadAssembly (92ms)
			ExecutionOrderSort (0ms)
			DisableScriptedObjects (4ms)
			BackupInstance (0ms)
			ReleaseScriptingObjects (0ms)
			CreateAndSetChildDomain (24ms)
		EndReloadAssembly (611ms)
			LoadAssemblies (68ms)
			RebuildTransferFunctionScriptingTraits (0ms)
			SetupTypeCache (220ms)
			ReleaseScriptCaches (1ms)
			RebuildScriptCaches (31ms)
			SetupLoadedEditorAssemblies (216ms)
				LogAssemblyErrors (0ms)
				InitializePlatformSupportModulesInManaged (4ms)
				SetLoadedEditorAssemblies (0ms)
				RefreshPlugins (0ms)
				BeforeProcessingInitializeOnLoad (40ms)
				ProcessInitializeOnLoadAttributes (159ms)
				ProcessInitializeOnLoadMethodAttributes (7ms)
				AfterProcessingInitializeOnLoad (5ms)
				EditorAssembliesLoaded (0ms)
			ExecutionOrderSort2 (0ms)
			AwakeInstancesAfterBackupRestoration (6ms)
Platform modules already initialized, skipping
Refreshing native plugins compatible for Editor in 0.29 ms, found 2 plugins.
Preloading 0 native plugins for Editor in 0.00 ms.
Unloading 1498 Unused Serialized files (Serialized files now loaded: 0)
System memory in use before: 85.1 MB.
System memory in use after: 85.2 MB.

Unloading 14 unused Assets to reduce memory usage. Loaded Objects now: 1992.
Total: 2.473200 ms (FindLiveObjects: 0.125000 ms CreateObjectMapping: 0.035400 ms MarkObjects: 2.297200 ms  DeleteObjects: 0.014700 ms)

AssetImportParameters requested are different than current active one (requested -> active):
  custom:framework-win-MediaFoundation: 216162199b28c13a410421893ffa2e32 -> 
  custom:video-decoder-ogg-theora: a1e56fd34408186e4bbccfd4996cb3dc -> 
  custom:container-muxer-webm: aa71ff27fc2769a1b78a27578f13a17b -> 
  custom:container-demuxer-webm: 4f35f7cbe854078d1ac9338744f61a02 -> 
  custom:container-demuxer-ogg: 62fdf1f143b41e24485cea50d1cbac27 -> 
  custom:video-encoder-webm-vp8: eb34c28f22e8b96e1ab97ce403110664 -> 
  custom:video-decoder-webm-vp8: 9c59270c3fd7afecdb556c50c9e8de78 -> 
  custom:audio-decoder-ogg-vorbis: bf7c407c2cedff20999df2af8eb42d56 -> 
  custom:audio-encoder-webm-vorbis: bf7c407c2cedff20999df2af8eb42d56 -> 
========================================================================
Received Prepare
Registering precompiled user dll's ...
Registered in 0.003879 seconds.
Begin MonoManager ReloadAssembly
Native extension for WindowsStandalone target not found
Refreshing native plugins compatible for Editor in 0.28 ms, found 2 plugins.
Preloading 0 native plugins for Editor in 0.00 ms.
Mono: successfully reloaded assembly
- Completed reload, in  0.745 seconds
Domain Reload Profiling:
	ReloadAssembly (746ms)
		BeginReloadAssembly (96ms)
			ExecutionOrderSort (0ms)
			DisableScriptedObjects (4ms)
			BackupInstance (0ms)
			ReleaseScriptingObjects (0ms)
			CreateAndSetChildDomain (28ms)
		EndReloadAssembly (600ms)
			LoadAssemblies (67ms)
			RebuildTransferFunctionScriptingTraits (0ms)
			SetupTypeCache (215ms)
			ReleaseScriptCaches (1ms)
			RebuildScriptCaches (31ms)
			SetupLoadedEditorAssemblies (212ms)
				LogAssemblyErrors (0ms)
				InitializePlatformSupportModulesInManaged (4ms)
				SetLoadedEditorAssemblies (0ms)
				RefreshPlugins (0ms)
				BeforeProcessingInitializeOnLoad (41ms)
				ProcessInitializeOnLoadAttributes (155ms)
				ProcessInitializeOnLoadMethodAttributes (7ms)
				AfterProcessingInitializeOnLoad (5ms)
				EditorAssembliesLoaded (0ms)
			ExecutionOrderSort2 (0ms)
			AwakeInstancesAfterBackupRestoration (5ms)
Platform modules already initialized, skipping
Refreshing native plugins compatible for Editor in 0.29 ms, found 2 plugins.
Preloading 0 native plugins for Editor in 0.00 ms.
Unloading 1498 Unused Serialized files (Serialized files now loaded: 0)
System memory in use before: 85.1 MB.
System memory in use after: 85.2 MB.

Unloading 14 unused Assets to reduce memory usage. Loaded Objects now: 1994.
Total: 2.242700 ms (FindLiveObjects: 0.126300 ms CreateObjectMapping: 0.055200 ms MarkObjects: 2.049400 ms  DeleteObjects: 0.011100 ms)

AssetImportParameters requested are different than current active one (requested -> active):
  custom:framework-win-MediaFoundation: 216162199b28c13a410421893ffa2e32 -> 
  custom:video-decoder-ogg-theora: a1e56fd34408186e4bbccfd4996cb3dc -> 
  custom:container-muxer-webm: aa71ff27fc2769a1b78a27578f13a17b -> 
  custom:container-demuxer-webm: 4f35f7cbe854078d1ac9338744f61a02 -> 
  custom:container-demuxer-ogg: 62fdf1f143b41e24485cea50d1cbac27 -> 
  custom:video-encoder-webm-vp8: eb34c28f22e8b96e1ab97ce403110664 -> 
  custom:video-decoder-webm-vp8: 9c59270c3fd7afecdb556c50c9e8de78 -> 
  custom:audio-decoder-ogg-vorbis: bf7c407c2cedff20999df2af8eb42d56 -> 
  custom:audio-encoder-webm-vorbis: bf7c407c2cedff20999df2af8eb42d56 -> 
========================================================================
Received Prepare
Registering precompiled user dll's ...
Registered in 0.003754 seconds.
Begin MonoManager ReloadAssembly
Native extension for WindowsStandalone target not found
Refreshing native plugins compatible for Editor in 0.29 ms, found 2 plugins.
Preloading 0 native plugins for Editor in 0.00 ms.
Mono: successfully reloaded assembly
- Completed reload, in  0.760 seconds
Domain Reload Profiling:
	ReloadAssembly (760ms)
		BeginReloadAssembly (95ms)
			ExecutionOrderSort (0ms)
			DisableScriptedObjects (4ms)
			BackupInstance (0ms)
			ReleaseScriptingObjects (0ms)
			CreateAndSetChildDomain (23ms)
		EndReloadAssembly (615ms)
			LoadAssemblies (67ms)
			RebuildTransferFunctionScriptingTraits (0ms)
			SetupTypeCache (226ms)
			ReleaseScriptCaches (1ms)
			RebuildScriptCaches (31ms)
			SetupLoadedEditorAssemblies (215ms)
				LogAssemblyErrors (0ms)
				InitializePlatformSupportModulesInManaged (4ms)
				SetLoadedEditorAssemblies (0ms)
				RefreshPlugins (0ms)
				BeforeProcessingInitializeOnLoad (41ms)
				ProcessInitializeOnLoadAttributes (157ms)
				ProcessInitializeOnLoadMethodAttributes (7ms)
				AfterProcessingInitializeOnLoad (5ms)
				EditorAssembliesLoaded (0ms)
			ExecutionOrderSort2 (0ms)
			AwakeInstancesAfterBackupRestoration (5ms)
Platform modules already initialized, skipping
Refreshing native plugins compatible for Editor in 0.29 ms, found 2 plugins.
Preloading 0 native plugins for Editor in 0.00 ms.
Unloading 1498 Unused Serialized files (Serialized files now loaded: 0)
System memory in use before: 85.1 MB.
System memory in use after: 85.2 MB.

Unloading 14 unused Assets to reduce memory usage. Loaded Objects now: 1996.
Total: 2.177400 ms (FindLiveObjects: 0.100400 ms CreateObjectMapping: 0.034800 ms MarkObjects: 2.030400 ms  DeleteObjects: 0.011100 ms)

AssetImportParameters requested are different than current active one (requested -> active):
  custom:framework-win-MediaFoundation: 216162199b28c13a410421893ffa2e32 -> 
  custom:video-decoder-ogg-theora: a1e56fd34408186e4bbccfd4996cb3dc -> 
  custom:container-muxer-webm: aa71ff27fc2769a1b78a27578f13a17b -> 
  custom:container-demuxer-webm: 4f35f7cbe854078d1ac9338744f61a02 -> 
  custom:container-demuxer-ogg: 62fdf1f143b41e24485cea50d1cbac27 -> 
  custom:video-encoder-webm-vp8: eb34c28f22e8b96e1ab97ce403110664 -> 
  custom:video-decoder-webm-vp8: 9c59270c3fd7afecdb556c50c9e8de78 -> 
  custom:audio-decoder-ogg-vorbis: bf7c407c2cedff20999df2af8eb42d56 -> 
  custom:audio-encoder-webm-vorbis: bf7c407c2cedff20999df2af8eb42d56 -> 
========================================================================
Received Prepare
Registering precompiled user dll's ...
Registered in 0.003936 seconds.
Begin MonoManager ReloadAssembly
Native extension for WindowsStandalone target not found
Refreshing native plugins compatible for Editor in 0.30 ms, found 2 plugins.
Preloading 0 native plugins for Editor in 0.00 ms.
Mono: successfully reloaded assembly
- Completed reload, in  0.946 seconds
Domain Reload Profiling:
	ReloadAssembly (947ms)
		BeginReloadAssembly (107ms)
			ExecutionOrderSort (0ms)
			DisableScriptedObjects (5ms)
			BackupInstance (0ms)
			ReleaseScriptingObjects (0ms)
			CreateAndSetChildDomain (29ms)
		EndReloadAssembly (772ms)
			LoadAssemblies (90ms)
			RebuildTransferFunctionScriptingTraits (0ms)
			SetupTypeCache (303ms)
			ReleaseScriptCaches (1ms)
			RebuildScriptCaches (38ms)
			SetupLoadedEditorAssemblies (253ms)
				LogAssemblyErrors (0ms)
				InitializePlatformSupportModulesInManaged (5ms)
				SetLoadedEditorAssemblies (0ms)
				RefreshPlugins (0ms)
				BeforeProcessingInitializeOnLoad (51ms)
				ProcessInitializeOnLoadAttributes (181ms)
				ProcessInitializeOnLoadMethodAttributes (8ms)
				AfterProcessingInitializeOnLoad (7ms)
				EditorAssembliesLoaded (0ms)
			ExecutionOrderSort2 (0ms)
			AwakeInstancesAfterBackupRestoration (6ms)
Platform modules already initialized, skipping
Refreshing native plugins compatible for Editor in 0.33 ms, found 2 plugins.
Preloading 0 native plugins for Editor in 0.00 ms.
Unloading 1498 Unused Serialized files (Serialized files now loaded: 0)
System memory in use before: 85.1 MB.
System memory in use after: 85.2 MB.

Unloading 14 unused Assets to reduce memory usage. Loaded Objects now: 1998.
Total: 2.525800 ms (FindLiveObjects: 0.115200 ms CreateObjectMapping: 0.042700 ms MarkObjects: 2.352500 ms  DeleteObjects: 0.014300 ms)

AssetImportParameters requested are different than current active one (requested -> active):
  custom:framework-win-MediaFoundation: 216162199b28c13a410421893ffa2e32 -> 
  custom:video-decoder-ogg-theora: a1e56fd34408186e4bbccfd4996cb3dc -> 
  custom:container-muxer-webm: aa71ff27fc2769a1b78a27578f13a17b -> 
  custom:container-demuxer-webm: 4f35f7cbe854078d1ac9338744f61a02 -> 
  custom:container-demuxer-ogg: 62fdf1f143b41e24485cea50d1cbac27 -> 
  custom:video-encoder-webm-vp8: eb34c28f22e8b96e1ab97ce403110664 -> 
  custom:video-decoder-webm-vp8: 9c59270c3fd7afecdb556c50c9e8de78 -> 
  custom:audio-decoder-ogg-vorbis: bf7c407c2cedff20999df2af8eb42d56 -> 
  custom:audio-encoder-webm-vorbis: bf7c407c2cedff20999df2af8eb42d56 -> 
========================================================================
Received Import Request.
  Time since last request: 2770.104274 seconds.
  path: Assets/Art/Models/Warzombie F Pedroso.fbx
  artifactKey: Guid(3119f74bbf79da64abcf2b7199803817) Importer(815301076,1909f56bfc062723c751e8b465ee728b)
Start importing Assets/Art/Models/Warzombie F Pedroso.fbx using Guid(3119f74bbf79da64abcf2b7199803817) Importer(815301076,1909f56bfc062723c751e8b465ee728b)  -> (artifact id: 'cf2a92ea731de9bfb69bf8796ab948bc') in 0.094326 seconds 
  Import took 0.097043 seconds .

========================================================================
Received Import Request.
  Time since last request: 21.091714 seconds.
  path: Assets/Art/Models/Warzombie F Pedroso.fbx
  artifactKey: Guid(3119f74bbf79da64abcf2b7199803817) Importer(815301076,1909f56bfc062723c751e8b465ee728b)
Start importing Assets/Art/Models/Warzombie F Pedroso.fbx using Guid(3119f74bbf79da64abcf2b7199803817) Importer(815301076,1909f56bfc062723c751e8b465ee728b)  -> (artifact id: 'edfa1ae3ab01030644acd4ccee7b9b96') in 0.025804 seconds 
  Import took 0.028170 seconds .

========================================================================
Received Import Request.
  Time since last request: 10.626450 seconds.
  path: Assets/Art/Models/Warzombie F Pedroso.fbx
  artifactKey: Guid(3119f74bbf79da64abcf2b7199803817) Importer(815301076,1909f56bfc062723c751e8b465ee728b)
Start importing Assets/Art/Models/Warzombie F Pedroso.fbx using Guid(3119f74bbf79da64abcf2b7199803817) Importer(815301076,1909f56bfc062723c751e8b465ee728b)  -> (artifact id: 'cde2a2d2d6d9a9e51302e3f6f25202ab') in 0.035639 seconds 
  Import took 0.038499 seconds .

========================================================================
Received Import Request.
  Time since last request: 5.359155 seconds.
  path: Assets/Art/Models/Warzombie F Pedroso.fbx
  artifactKey: Guid(3119f74bbf79da64abcf2b7199803817) Importer(815301076,1909f56bfc062723c751e8b465ee728b)
Start importing Assets/Art/Models/Warzombie F Pedroso.fbx using Guid(3119f74bbf79da64abcf2b7199803817) Importer(815301076,1909f56bfc062723c751e8b465ee728b)  -> (artifact id: '6bf67afd8c1d5bcb39aefe776408f90f') in 0.035735 seconds 
  Import took 0.038521 seconds .

========================================================================
Received Import Request.
  Time since last request: 214.336653 seconds.
  path: Assets/Art/Animations/Controllers/EnemyController.controller
  artifactKey: Guid(42d9c367a134fde4999d5615939189c2) Importer(815301076,1909f56bfc062723c751e8b465ee728b)
Start importing Assets/Art/Animations/Controllers/EnemyController.controller using Guid(42d9c367a134fde4999d5615939189c2) Importer(815301076,1909f56bfc062723c751e8b465ee728b)  -> (artifact id: '91eff0b272999e039473b94fcc91bd1e') in 0.007209 seconds 
  Import took 0.009673 seconds .

========================================================================
Received Import Request.
  Time since last request: 78.433077 seconds.
  path: Assets/Art/Animations/Controllers/EnemyController.controller
  artifactKey: Guid(42d9c367a134fde4999d5615939189c2) Importer(815301076,1909f56bfc062723c751e8b465ee728b)
Start importing Assets/Art/Animations/Controllers/EnemyController.controller using Guid(42d9c367a134fde4999d5615939189c2) Importer(815301076,1909f56bfc062723c751e8b465ee728b)  -> (artifact id: 'f4ecde1b8480848106cdd35a65ffb826') in 0.003159 seconds 
  Import took 0.005917 seconds .

========================================================================
Received Prepare
Registering precompiled user dll's ...
Registered in 0.115546 seconds.
Begin MonoManager ReloadAssembly
Native extension for WindowsStandalone target not found
Refreshing native plugins compatible for Editor in 0.30 ms, found 2 plugins.
Preloading 0 native plugins for Editor in 0.00 ms.
Mono: successfully reloaded assembly
- Completed reload, in  0.742 seconds
Domain Reload Profiling:
	ReloadAssembly (743ms)
		BeginReloadAssembly (88ms)
			ExecutionOrderSort (0ms)
			DisableScriptedObjects (3ms)
			BackupInstance (0ms)
			ReleaseScriptingObjects (0ms)
			CreateAndSetChildDomain (25ms)
		EndReloadAssembly (605ms)
			LoadAssemblies (68ms)
			RebuildTransferFunctionScriptingTraits (0ms)
			SetupTypeCache (218ms)
			ReleaseScriptCaches (1ms)
			RebuildScriptCaches (30ms)
			SetupLoadedEditorAssemblies (213ms)
				LogAssemblyErrors (0ms)
				InitializePlatformSupportModulesInManaged (4ms)
				SetLoadedEditorAssemblies (0ms)
				RefreshPlugins (0ms)
				BeforeProcessingInitializeOnLoad (41ms)
				ProcessInitializeOnLoadAttributes (156ms)
				ProcessInitializeOnLoadMethodAttributes (7ms)
				AfterProcessingInitializeOnLoad (5ms)
				EditorAssembliesLoaded (0ms)
			ExecutionOrderSort2 (0ms)
			AwakeInstancesAfterBackupRestoration (5ms)
Platform modules already initialized, skipping
Refreshing native plugins compatible for Editor in 0.29 ms, found 2 plugins.
Preloading 0 native plugins for Editor in 0.00 ms.
Unloading 1498 Unused Serialized files (Serialized files now loaded: 0)
System memory in use before: 85.1 MB.
System memory in use after: 85.2 MB.

Unloading 14 unused Assets to reduce memory usage. Loaded Objects now: 2001.
Total: 2.281700 ms (FindLiveObjects: 0.113600 ms CreateObjectMapping: 0.040300 ms MarkObjects: 2.111700 ms  DeleteObjects: 0.015300 ms)

AssetImportParameters requested are different than current active one (requested -> active):
  custom:framework-win-MediaFoundation: 216162199b28c13a410421893ffa2e32 -> 
  custom:video-decoder-ogg-theora: a1e56fd34408186e4bbccfd4996cb3dc -> 
  custom:container-muxer-webm: aa71ff27fc2769a1b78a27578f13a17b -> 
  custom:container-demuxer-webm: 4f35f7cbe854078d1ac9338744f61a02 -> 
  custom:container-demuxer-ogg: 62fdf1f143b41e24485cea50d1cbac27 -> 
  custom:video-encoder-webm-vp8: eb34c28f22e8b96e1ab97ce403110664 -> 
  custom:video-decoder-webm-vp8: 9c59270c3fd7afecdb556c50c9e8de78 -> 
  custom:audio-decoder-ogg-vorbis: bf7c407c2cedff20999df2af8eb42d56 -> 
  custom:audio-encoder-webm-vorbis: bf7c407c2cedff20999df2af8eb42d56 -> 
========================================================================
Received Import Request.
  Time since last request: 168.906819 seconds.
  path: Assets/Art/Animations/Controllers/CharacterController 1.controller
  artifactKey: Guid(fb7a4a3b1a6c8704b82b11bd57d6c6ab) Importer(815301076,1909f56bfc062723c751e8b465ee728b)
Start importing Assets/Art/Animations/Controllers/CharacterController 1.controller using Guid(fb7a4a3b1a6c8704b82b11bd57d6c6ab) Importer(815301076,1909f56bfc062723c751e8b465ee728b)  -> (artifact id: '4d15c1d6dc56722df8b67c4bfdd782d4') in 0.041893 seconds 
  Import took 0.044229 seconds .

========================================================================
Received Import Request.
  Time since last request: 3.713761 seconds.
  path: Assets/Art/Animations/Controllers/EnemyController.controller
  artifactKey: Guid(fb7a4a3b1a6c8704b82b11bd57d6c6ab) Importer(815301076,1909f56bfc062723c751e8b465ee728b)
Start importing Assets/Art/Animations/Controllers/EnemyController.controller using Guid(fb7a4a3b1a6c8704b82b11bd57d6c6ab) Importer(815301076,1909f56bfc062723c751e8b465ee728b)  -> (artifact id: '46a8db65a63de973b1e281f5408b83ae') in 0.005247 seconds 
  Import took 0.007932 seconds .

========================================================================
Received Import Request.
  Time since last request: 3.555747 seconds.
  path: Assets/Art/Animations/Controllers/CharacterController.controller
  artifactKey: Guid(0202e6a457bed0b44b6aa57dd6a4af74) Importer(815301076,1909f56bfc062723c751e8b465ee728b)
Start importing Assets/Art/Animations/Controllers/CharacterController.controller using Guid(0202e6a457bed0b44b6aa57dd6a4af74) Importer(815301076,1909f56bfc062723c751e8b465ee728b)  -> (artifact id: '5ba7072101e29745728dc461639ebc44') in 0.008974 seconds 
  Import took 0.012457 seconds .

========================================================================
Received Import Request.
  Time since last request: 578.312909 seconds.
  path: Assets/_IMPORTS/Scary Zombie Pack/running crawl.fbx
  artifactKey: Guid(94489ea6a832a4045870dbfd2084ba87) Importer(815301076,1909f56bfc062723c751e8b465ee728b)
Start importing Assets/_IMPORTS/Scary Zombie Pack/running crawl.fbx using Guid(94489ea6a832a4045870dbfd2084ba87) Importer(815301076,1909f56bfc062723c751e8b465ee728b)  -> (artifact id: 'c9a35a466fd94d819789a57670bf8ae3') in 0.021017 seconds 
  Import took 0.023755 seconds .

========================================================================
Received Import Request.
  Time since last request: 1.245214 seconds.
  path: Assets/_IMPORTS/Scary Zombie Pack/zombie run.fbx
  artifactKey: Guid(9f0b66720c2ac4b419553ef76a43c04f) Importer(815301076,1909f56bfc062723c751e8b465ee728b)
Start importing Assets/_IMPORTS/Scary Zombie Pack/zombie run.fbx using Guid(9f0b66720c2ac4b419553ef76a43c04f) Importer(815301076,1909f56bfc062723c751e8b465ee728b)  -> (artifact id: '366938cf88a8cb9dc20f8db3be3d180f') in 0.009782 seconds 
  Import took 0.012032 seconds .

========================================================================
Received Import Request.
  Time since last request: 9.097024 seconds.
  path: Assets/_IMPORTS/Scary Zombie Pack/zombie run.fbx
  artifactKey: Guid(9f0b66720c2ac4b419553ef76a43c04f) Importer(815301076,1909f56bfc062723c751e8b465ee728b)
Start importing Assets/_IMPORTS/Scary Zombie Pack/zombie run.fbx using Guid(9f0b66720c2ac4b419553ef76a43c04f) Importer(815301076,1909f56bfc062723c751e8b465ee728b)  -> (artifact id: 'b324ba710f9a34b48c22b7073fcaf5f4') in 0.005851 seconds 
  Import took 0.008490 seconds .

========================================================================
Received Import Request.
  Time since last request: 1.054045 seconds.
  path: Assets/_IMPORTS/Scary Zombie Pack/zombie attack.fbx
  artifactKey: Guid(ed7c3b40e84524542bfc17db99404098) Importer(815301076,1909f56bfc062723c751e8b465ee728b)
Start importing Assets/_IMPORTS/Scary Zombie Pack/zombie attack.fbx using Guid(ed7c3b40e84524542bfc17db99404098) Importer(815301076,1909f56bfc062723c751e8b465ee728b)  -> (artifact id: 'a33da0f2febb2b4687d92bd609270094') in 0.010366 seconds 
  Import took 0.012719 seconds .

========================================================================
Received Import Request.
  Time since last request: 0.660916 seconds.
  path: Assets/_IMPORTS/Scary Zombie Pack/running crawl.fbx
  artifactKey: Guid(94489ea6a832a4045870dbfd2084ba87) Importer(815301076,1909f56bfc062723c751e8b465ee728b)
Start importing Assets/_IMPORTS/Scary Zombie Pack/running crawl.fbx using Guid(94489ea6a832a4045870dbfd2084ba87) Importer(815301076,1909f56bfc062723c751e8b465ee728b)  -> (artifact id: 'a5d7185071c93dbb24484609700d940d') in 0.006068 seconds 
  Import took 0.009574 seconds .

========================================================================
Received Import Request.
  Time since last request: 13.991810 seconds.
  path: Assets/_IMPORTS/Scary Zombie Pack/zombie attack.fbx
  artifactKey: Guid(ed7c3b40e84524542bfc17db99404098) Importer(815301076,1909f56bfc062723c751e8b465ee728b)
Start importing Assets/_IMPORTS/Scary Zombie Pack/zombie attack.fbx using Guid(ed7c3b40e84524542bfc17db99404098) Importer(815301076,1909f56bfc062723c751e8b465ee728b)  -> (artifact id: '0b70fbf7d0b9a8e80f649f57cd7ac182') in 0.005983 seconds 
  Import took 0.009464 seconds .

========================================================================
Received Import Request.
  Time since last request: 17.470242 seconds.
  path: Assets/_IMPORTS/Scary Zombie Pack/zombie idle.fbx
  artifactKey: Guid(54a324d1c1188b54580226ede75f6b0a) Importer(815301076,1909f56bfc062723c751e8b465ee728b)
Start importing Assets/_IMPORTS/Scary Zombie Pack/zombie idle.fbx using Guid(54a324d1c1188b54580226ede75f6b0a) Importer(815301076,1909f56bfc062723c751e8b465ee728b)  -> (artifact id: '1081398d1542e507e2a7b814b2f211c1') in 0.011869 seconds 
  Import took 0.014155 seconds .

========================================================================
Received Prepare
Registering precompiled user dll's ...
Registered in 0.229314 seconds.
Begin MonoManager ReloadAssembly
Native extension for WindowsStandalone target not found
Refreshing native plugins compatible for Editor in 0.48 ms, found 2 plugins.
Preloading 0 native plugins for Editor in 0.00 ms.
Mono: successfully reloaded assembly
- Completed reload, in  0.929 seconds
Domain Reload Profiling:
	ReloadAssembly (929ms)
		BeginReloadAssembly (108ms)
			ExecutionOrderSort (0ms)
			DisableScriptedObjects (5ms)
			BackupInstance (0ms)
			ReleaseScriptingObjects (0ms)
			CreateAndSetChildDomain (31ms)
		EndReloadAssembly (760ms)
			LoadAssemblies (88ms)
			RebuildTransferFunctionScriptingTraits (0ms)
			SetupTypeCache (279ms)
			ReleaseScriptCaches (1ms)
			RebuildScriptCaches (39ms)
			SetupLoadedEditorAssemblies (259ms)
				LogAssemblyErrors (0ms)
				InitializePlatformSupportModulesInManaged (6ms)
				SetLoadedEditorAssemblies (1ms)
				RefreshPlugins (1ms)
				BeforeProcessingInitializeOnLoad (49ms)
				ProcessInitializeOnLoadAttributes (188ms)
				ProcessInitializeOnLoadMethodAttributes (9ms)
				AfterProcessingInitializeOnLoad (6ms)
				EditorAssembliesLoaded (0ms)
			ExecutionOrderSort2 (0ms)
			AwakeInstancesAfterBackupRestoration (6ms)
Platform modules already initialized, skipping
Refreshing native plugins compatible for Editor in 0.35 ms, found 2 plugins.
Preloading 0 native plugins for Editor in 0.00 ms.
Unloading 1498 Unused Serialized files (Serialized files now loaded: 0)
System memory in use before: 85.2 MB.
System memory in use after: 85.3 MB.

Unloading 14 unused Assets to reduce memory usage. Loaded Objects now: 2003.
Total: 3.117100 ms (FindLiveObjects: 0.129600 ms CreateObjectMapping: 0.046200 ms MarkObjects: 2.920600 ms  DeleteObjects: 0.019700 ms)

AssetImportParameters requested are different than current active one (requested -> active):
  custom:framework-win-MediaFoundation: 216162199b28c13a410421893ffa2e32 -> 
  custom:video-decoder-ogg-theora: a1e56fd34408186e4bbccfd4996cb3dc -> 
  custom:container-muxer-webm: aa71ff27fc2769a1b78a27578f13a17b -> 
  custom:container-demuxer-webm: 4f35f7cbe854078d1ac9338744f61a02 -> 
  custom:container-demuxer-ogg: 62fdf1f143b41e24485cea50d1cbac27 -> 
  custom:video-encoder-webm-vp8: eb34c28f22e8b96e1ab97ce403110664 -> 
  custom:video-decoder-webm-vp8: 9c59270c3fd7afecdb556c50c9e8de78 -> 
  custom:audio-decoder-ogg-vorbis: bf7c407c2cedff20999df2af8eb42d56 -> 
  custom:audio-encoder-webm-vorbis: bf7c407c2cedff20999df2af8eb42d56 -> 
========================================================================
Received Import Request.
  Time since last request: 330.624022 seconds.
  path: Assets/_IMPORTS/Scary Zombie Pack/zombie idle.fbx
  artifactKey: Guid(54a324d1c1188b54580226ede75f6b0a) Importer(815301076,1909f56bfc062723c751e8b465ee728b)
Start importing Assets/_IMPORTS/Scary Zombie Pack/zombie idle.fbx using Guid(54a324d1c1188b54580226ede75f6b0a) Importer(815301076,1909f56bfc062723c751e8b465ee728b)  -> (artifact id: '6759e09ca95efc65950c3d7129d758d8') in 0.026848 seconds 
  Import took 0.030035 seconds .

========================================================================
Received Import Request.
  Time since last request: 825.302109 seconds.
  path: Assets/_IMPORTS/Scary Zombie Pack/zombie run.fbx
  artifactKey: Guid(9f0b66720c2ac4b419553ef76a43c04f) Importer(815301076,1909f56bfc062723c751e8b465ee728b)
Start importing Assets/_IMPORTS/Scary Zombie Pack/zombie run.fbx using Guid(9f0b66720c2ac4b419553ef76a43c04f) Importer(815301076,1909f56bfc062723c751e8b465ee728b)  -> (artifact id: '935640c2e5314eceda19bd6adf91753f') in 0.014828 seconds 
  Import took 0.017490 seconds .

========================================================================
Received Import Request.
  Time since last request: 195.225882 seconds.
  path: Assets/_IMPORTS/Scary Zombie Pack/zombie walk.fbx
  artifactKey: Guid(864c5848574530a4d8c65c1a74c8e76e) Importer(815301076,1909f56bfc062723c751e8b465ee728b)
Start importing Assets/_IMPORTS/Scary Zombie Pack/zombie walk.fbx using Guid(864c5848574530a4d8c65c1a74c8e76e) Importer(815301076,1909f56bfc062723c751e8b465ee728b)  -> (artifact id: 'd9f33c611e468be7bd638c143f07916a') in 0.009744 seconds 
  Import took 0.012132 seconds .

========================================================================
Received Import Request.
  Time since last request: 8.956607 seconds.
  path: Assets/_IMPORTS/Scary Zombie Pack/zombie walk.fbx
  artifactKey: Guid(864c5848574530a4d8c65c1a74c8e76e) Importer(815301076,1909f56bfc062723c751e8b465ee728b)
Start importing Assets/_IMPORTS/Scary Zombie Pack/zombie walk.fbx using Guid(864c5848574530a4d8c65c1a74c8e76e) Importer(815301076,1909f56bfc062723c751e8b465ee728b)  -> (artifact id: 'f43dc63fd2543c1e2695312e5e1d3ef0') in 0.006006 seconds 
  Import took 0.008318 seconds .

========================================================================
Received Import Request.
  Time since last request: 54.854639 seconds.
  path: Assets/_IMPORTS/Scary Zombie Pack/zombie scream.fbx
  artifactKey: Guid(390466d2d69318e4991558f6f92a222a) Importer(815301076,1909f56bfc062723c751e8b465ee728b)
Start importing Assets/_IMPORTS/Scary Zombie Pack/zombie scream.fbx using Guid(390466d2d69318e4991558f6f92a222a) Importer(815301076,1909f56bfc062723c751e8b465ee728b)  -> (artifact id: 'e6eadcbcfec073d30b79cf84bf985832') in 0.014447 seconds 
  Import took 0.017964 seconds .

========================================================================
Received Import Request.
  Time since last request: 0.000208 seconds.
  path: Assets/_IMPORTS/Scary Zombie Pack/zombie dying.fbx
  artifactKey: Guid(673600b0c9c9bdf4c8d3dd537fea346d) Importer(815301076,1909f56bfc062723c751e8b465ee728b)
Start importing Assets/_IMPORTS/Scary Zombie Pack/zombie dying.fbx using Guid(673600b0c9c9bdf4c8d3dd537fea346d) Importer(815301076,1909f56bfc062723c751e8b465ee728b)  -> (artifact id: 'cd1b95d525b996793e60ed3798ee4be1') in 0.014150 seconds 
  Import took 0.016997 seconds .

========================================================================
Received Import Request.
  Time since last request: 0.000189 seconds.
  path: Assets/_IMPORTS/Scary Zombie Pack/zombie neck bite.fbx
  artifactKey: Guid(20851fbb33aa7fb44b3c60158177ac80) Importer(815301076,1909f56bfc062723c751e8b465ee728b)
Start importing Assets/_IMPORTS/Scary Zombie Pack/zombie neck bite.fbx using Guid(20851fbb33aa7fb44b3c60158177ac80) Importer(815301076,1909f56bfc062723c751e8b465ee728b)  -> (artifact id: 'ce752249edd0f2d2e2f12908a84eca95') in 0.014316 seconds 
  Import took 0.016743 seconds .

========================================================================
Received Import Request.
  Time since last request: 0.000279 seconds.
  path: Assets/_IMPORTS/Scary Zombie Pack/zombie crawl.fbx
  artifactKey: Guid(8a87560f4ee340849bbac9ec61dce87b) Importer(815301076,1909f56bfc062723c751e8b465ee728b)
Start importing Assets/_IMPORTS/Scary Zombie Pack/zombie crawl.fbx using Guid(8a87560f4ee340849bbac9ec61dce87b) Importer(815301076,1909f56bfc062723c751e8b465ee728b)  -> (artifact id: '4ba776559deab34e5ee18d52f07341bb') in 0.014543 seconds 
  Import took 0.016785 seconds .

========================================================================
Received Import Request.
  Time since last request: 15.086745 seconds.
  path: Assets/_IMPORTS/Scary Zombie Pack/zombie biting (2).fbx
  artifactKey: Guid(d895888c43a3c2546b45a83f789ee96d) Importer(815301076,1909f56bfc062723c751e8b465ee728b)
Start importing Assets/_IMPORTS/Scary Zombie Pack/zombie biting (2).fbx using Guid(d895888c43a3c2546b45a83f789ee96d) Importer(815301076,1909f56bfc062723c751e8b465ee728b)  -> (artifact id: 'bf9185445956dfb004a55ed35403882f') in 0.014937 seconds 
  Import took 0.018388 seconds .

========================================================================
Received Prepare
Registering precompiled user dll's ...
Registered in 0.127260 seconds.
Begin MonoManager ReloadAssembly
Native extension for WindowsStandalone target not found
Refreshing native plugins compatible for Editor in 0.33 ms, found 2 plugins.
Preloading 0 native plugins for Editor in 0.00 ms.
Mono: successfully reloaded assembly
- Completed reload, in  0.825 seconds
Domain Reload Profiling:
	ReloadAssembly (826ms)
		BeginReloadAssembly (90ms)
			ExecutionOrderSort (0ms)
			DisableScriptedObjects (4ms)
			BackupInstance (0ms)
			ReleaseScriptingObjects (0ms)
			CreateAndSetChildDomain (27ms)
		EndReloadAssembly (681ms)
			LoadAssemblies (76ms)
			RebuildTransferFunctionScriptingTraits (0ms)
			SetupTypeCache (243ms)
			ReleaseScriptCaches (1ms)
			RebuildScriptCaches (35ms)
			SetupLoadedEditorAssemblies (235ms)
				LogAssemblyErrors (0ms)
				InitializePlatformSupportModulesInManaged (4ms)
				SetLoadedEditorAssemblies (0ms)
				RefreshPlugins (0ms)
				BeforeProcessingInitializeOnLoad (44ms)
				ProcessInitializeOnLoadAttributes (173ms)
				ProcessInitializeOnLoadMethodAttributes (8ms)
				AfterProcessingInitializeOnLoad (5ms)
				EditorAssembliesLoaded (0ms)
			ExecutionOrderSort2 (0ms)
			AwakeInstancesAfterBackupRestoration (6ms)
Platform modules already initialized, skipping
Refreshing native plugins compatible for Editor in 0.31 ms, found 2 plugins.
Preloading 0 native plugins for Editor in 0.00 ms.
Unloading 1498 Unused Serialized files (Serialized files now loaded: 0)
System memory in use before: 85.7 MB.
System memory in use after: 85.8 MB.

Unloading 14 unused Assets to reduce memory usage. Loaded Objects now: 2005.
Total: 2.510800 ms (FindLiveObjects: 0.131700 ms CreateObjectMapping: 0.047600 ms MarkObjects: 2.316000 ms  DeleteObjects: 0.014600 ms)

AssetImportParameters requested are different than current active one (requested -> active):
  custom:framework-win-MediaFoundation: 216162199b28c13a410421893ffa2e32 -> 
  custom:video-decoder-ogg-theora: a1e56fd34408186e4bbccfd4996cb3dc -> 
  custom:container-muxer-webm: aa71ff27fc2769a1b78a27578f13a17b -> 
  custom:container-demuxer-webm: 4f35f7cbe854078d1ac9338744f61a02 -> 
  custom:container-demuxer-ogg: 62fdf1f143b41e24485cea50d1cbac27 -> 
  custom:video-encoder-webm-vp8: eb34c28f22e8b96e1ab97ce403110664 -> 
  custom:video-decoder-webm-vp8: 9c59270c3fd7afecdb556c50c9e8de78 -> 
  custom:audio-decoder-ogg-vorbis: bf7c407c2cedff20999df2af8eb42d56 -> 
  custom:audio-encoder-webm-vorbis: bf7c407c2cedff20999df2af8eb42d56 -> 
========================================================================
Received Import Request.
  Time since last request: 153.177706 seconds.
  path: Assets/Art/Animations/Characters
  artifactKey: Guid(eed814ff298b89e48bdce8989dae62fa) Importer(815301076,1909f56bfc062723c751e8b465ee728b)
Start importing Assets/Art/Animations/Characters using Guid(eed814ff298b89e48bdce8989dae62fa) Importer(815301076,1909f56bfc062723c751e8b465ee728b)  -> (artifact id: '8295b9b05c93df107a1f575a17cfcbc8') in 0.007697 seconds 
  Import took 0.010060 seconds .

========================================================================
Received Import Request.
  Time since last request: 35.985121 seconds.
  path: Assets/Art/Animations/Characters/Zombie
  artifactKey: Guid(0fe7a635eb6972c4faf576494f884dc3) Importer(815301076,1909f56bfc062723c751e8b465ee728b)
Start importing Assets/Art/Animations/Characters/Zombie using Guid(0fe7a635eb6972c4faf576494f884dc3) Importer(815301076,1909f56bfc062723c751e8b465ee728b)  -> (artifact id: '5b768152b0811e4469d1ba547d5866b0') in 0.006289 seconds 
  Import took 0.009461 seconds .

========================================================================
Received Import Request.
  Time since last request: 5.271489 seconds.
  path: Assets/Art/Animations/Characters/Player
  artifactKey: Guid(325af7beea7602042bfec96ce08bada3) Importer(815301076,1909f56bfc062723c751e8b465ee728b)
Start importing Assets/Art/Animations/Characters/Player using Guid(325af7beea7602042bfec96ce08bada3) Importer(815301076,1909f56bfc062723c751e8b465ee728b)  -> (artifact id: '2b496c350ce24f54bed782f2d7f118d9') in 0.005573 seconds 
  Import took 0.007883 seconds .

========================================================================
Received Import Request.
  Time since last request: 43.826199 seconds.
  path: Assets/Scripts/EnemyMovement.cs
  artifactKey: Guid(3287358c5833fc7459097b7386112c77) Importer(815301076,1909f56bfc062723c751e8b465ee728b)
Start importing Assets/Scripts/EnemyMovement.cs using Guid(3287358c5833fc7459097b7386112c77) Importer(815301076,1909f56bfc062723c751e8b465ee728b)  -> (artifact id: '078d9886438dcbad1f7f2be0abb295cc') in 0.005907 seconds 
  Import took 0.008426 seconds .

========================================================================
Received Prepare
Registering precompiled user dll's ...
Registered in 0.003661 seconds.
Begin MonoManager ReloadAssembly
Native extension for WindowsStandalone target not found
Refreshing native plugins compatible for Editor in 0.30 ms, found 2 plugins.
Preloading 0 native plugins for Editor in 0.00 ms.
Mono: successfully reloaded assembly
- Completed reload, in  0.762 seconds
Domain Reload Profiling:
	ReloadAssembly (763ms)
		BeginReloadAssembly (91ms)
			ExecutionOrderSort (0ms)
			DisableScriptedObjects (4ms)
			BackupInstance (0ms)
			ReleaseScriptingObjects (0ms)
			CreateAndSetChildDomain (23ms)
		EndReloadAssembly (621ms)
			LoadAssemblies (78ms)
			RebuildTransferFunctionScriptingTraits (0ms)
			SetupTypeCache (224ms)
			ReleaseScriptCaches (1ms)
			RebuildScriptCaches (33ms)
			SetupLoadedEditorAssemblies (211ms)
				LogAssemblyErrors (0ms)
				InitializePlatformSupportModulesInManaged (4ms)
				SetLoadedEditorAssemblies (0ms)
				RefreshPlugins (0ms)
				BeforeProcessingInitializeOnLoad (40ms)
				ProcessInitializeOnLoadAttributes (155ms)
				ProcessInitializeOnLoadMethodAttributes (7ms)
				AfterProcessingInitializeOnLoad (5ms)
				EditorAssembliesLoaded (0ms)
			ExecutionOrderSort2 (0ms)
			AwakeInstancesAfterBackupRestoration (5ms)
Platform modules already initialized, skipping
Refreshing native plugins compatible for Editor in 0.31 ms, found 2 plugins.
Preloading 0 native plugins for Editor in 0.00 ms.
Unloading 1499 Unused Serialized files (Serialized files now loaded: 0)
System memory in use before: 86.7 MB.
System memory in use after: 86.8 MB.

Unloading 14 unused Assets to reduce memory usage. Loaded Objects now: 2008.
Total: 2.126100 ms (FindLiveObjects: 0.108200 ms CreateObjectMapping: 0.035300 ms MarkObjects: 1.970100 ms  DeleteObjects: 0.011900 ms)

AssetImportParameters requested are different than current active one (requested -> active):
  custom:framework-win-MediaFoundation: 216162199b28c13a410421893ffa2e32 -> 
  custom:video-decoder-ogg-theora: a1e56fd34408186e4bbccfd4996cb3dc -> 
  custom:container-muxer-webm: aa71ff27fc2769a1b78a27578f13a17b -> 
  custom:container-demuxer-webm: 4f35f7cbe854078d1ac9338744f61a02 -> 
  custom:container-demuxer-ogg: 62fdf1f143b41e24485cea50d1cbac27 -> 
  custom:video-encoder-webm-vp8: eb34c28f22e8b96e1ab97ce403110664 -> 
  custom:video-decoder-webm-vp8: 9c59270c3fd7afecdb556c50c9e8de78 -> 
  custom:audio-decoder-ogg-vorbis: bf7c407c2cedff20999df2af8eb42d56 -> 
  custom:audio-encoder-webm-vorbis: bf7c407c2cedff20999df2af8eb42d56 -> 
========================================================================
Received Prepare
Registering precompiled user dll's ...
Registered in 0.003672 seconds.
Begin MonoManager ReloadAssembly
Native extension for WindowsStandalone target not found
Refreshing native plugins compatible for Editor in 0.30 ms, found 2 plugins.
Preloading 0 native plugins for Editor in 0.00 ms.
Mono: successfully reloaded assembly
- Completed reload, in  0.749 seconds
Domain Reload Profiling:
	ReloadAssembly (750ms)
		BeginReloadAssembly (96ms)
			ExecutionOrderSort (0ms)
			DisableScriptedObjects (4ms)
			BackupInstance (0ms)
			ReleaseScriptingObjects (0ms)
			CreateAndSetChildDomain (24ms)
		EndReloadAssembly (604ms)
			LoadAssemblies (67ms)
			RebuildTransferFunctionScriptingTraits (0ms)
			SetupTypeCache (217ms)
			ReleaseScriptCaches (1ms)
			RebuildScriptCaches (30ms)
			SetupLoadedEditorAssemblies (214ms)
				LogAssemblyErrors (0ms)
				InitializePlatformSupportModulesInManaged (4ms)
				SetLoadedEditorAssemblies (0ms)
				RefreshPlugins (0ms)
				BeforeProcessingInitializeOnLoad (40ms)
				ProcessInitializeOnLoadAttributes (158ms)
				ProcessInitializeOnLoadMethodAttributes (7ms)
				AfterProcessingInitializeOnLoad (5ms)
				EditorAssembliesLoaded (0ms)
			ExecutionOrderSort2 (0ms)
			AwakeInstancesAfterBackupRestoration (5ms)
Platform modules already initialized, skipping
Refreshing native plugins compatible for Editor in 0.30 ms, found 2 plugins.
Preloading 0 native plugins for Editor in 0.00 ms.
Unloading 1499 Unused Serialized files (Serialized files now loaded: 0)
System memory in use before: 86.7 MB.
System memory in use after: 86.8 MB.

Unloading 14 unused Assets to reduce memory usage. Loaded Objects now: 2010.
Total: 2.266400 ms (FindLiveObjects: 0.105800 ms CreateObjectMapping: 0.034500 ms MarkObjects: 2.114400 ms  DeleteObjects: 0.011200 ms)

AssetImportParameters requested are different than current active one (requested -> active):
  custom:framework-win-MediaFoundation: 216162199b28c13a410421893ffa2e32 -> 
  custom:video-decoder-ogg-theora: a1e56fd34408186e4bbccfd4996cb3dc -> 
  custom:container-muxer-webm: aa71ff27fc2769a1b78a27578f13a17b -> 
  custom:container-demuxer-webm: 4f35f7cbe854078d1ac9338744f61a02 -> 
  custom:container-demuxer-ogg: 62fdf1f143b41e24485cea50d1cbac27 -> 
  custom:video-encoder-webm-vp8: eb34c28f22e8b96e1ab97ce403110664 -> 
  custom:video-decoder-webm-vp8: 9c59270c3fd7afecdb556c50c9e8de78 -> 
  custom:audio-decoder-ogg-vorbis: bf7c407c2cedff20999df2af8eb42d56 -> 
  custom:audio-encoder-webm-vorbis: bf7c407c2cedff20999df2af8eb42d56 -> 
========================================================================
Received Import Request.
  Time since last request: 77.963742 seconds.
  path: Assets/Scripts/EnemyMovement.cs
  artifactKey: Guid(3287358c5833fc7459097b7386112c77) Importer(815301076,1909f56bfc062723c751e8b465ee728b)
Start importing Assets/Scripts/EnemyMovement.cs using Guid(3287358c5833fc7459097b7386112c77) Importer(815301076,1909f56bfc062723c751e8b465ee728b)  -> (artifact id: 'c30e5806c5ebe94731cd960892bf4872') in 0.003725 seconds 
  Import took 0.006822 seconds .

========================================================================
Received Prepare
Registering precompiled user dll's ...
Registered in 0.004252 seconds.
Begin MonoManager ReloadAssembly
Native extension for WindowsStandalone target not found
Refreshing native plugins compatible for Editor in 0.31 ms, found 2 plugins.
Preloading 0 native plugins for Editor in 0.00 ms.
Mono: successfully reloaded assembly
- Completed reload, in  0.754 seconds
Domain Reload Profiling:
	ReloadAssembly (754ms)
		BeginReloadAssembly (84ms)
			ExecutionOrderSort (0ms)
			DisableScriptedObjects (4ms)
			BackupInstance (0ms)
			ReleaseScriptingObjects (0ms)
			CreateAndSetChildDomain (24ms)
		EndReloadAssembly (620ms)
			LoadAssemblies (67ms)
			RebuildTransferFunctionScriptingTraits (0ms)
			SetupTypeCache (228ms)
			ReleaseScriptCaches (1ms)
			RebuildScriptCaches (32ms)
			SetupLoadedEditorAssemblies (217ms)
				LogAssemblyErrors (0ms)
				InitializePlatformSupportModulesInManaged (4ms)
				SetLoadedEditorAssemblies (0ms)
				RefreshPlugins (0ms)
				BeforeProcessingInitializeOnLoad (41ms)
				ProcessInitializeOnLoadAttributes (160ms)
				ProcessInitializeOnLoadMethodAttributes (7ms)
				AfterProcessingInitializeOnLoad (5ms)
				EditorAssembliesLoaded (0ms)
			ExecutionOrderSort2 (0ms)
			AwakeInstancesAfterBackupRestoration (5ms)
Platform modules already initialized, skipping
Refreshing native plugins compatible for Editor in 0.30 ms, found 2 plugins.
Preloading 0 native plugins for Editor in 0.00 ms.
Unloading 1499 Unused Serialized files (Serialized files now loaded: 0)
System memory in use before: 86.7 MB.
System memory in use after: 86.8 MB.

Unloading 14 unused Assets to reduce memory usage. Loaded Objects now: 2012.
Total: 2.407400 ms (FindLiveObjects: 0.125800 ms CreateObjectMapping: 0.035900 ms MarkObjects: 2.233200 ms  DeleteObjects: 0.011900 ms)

AssetImportParameters requested are different than current active one (requested -> active):
  custom:framework-win-MediaFoundation: 216162199b28c13a410421893ffa2e32 -> 
  custom:video-decoder-ogg-theora: a1e56fd34408186e4bbccfd4996cb3dc -> 
  custom:container-muxer-webm: aa71ff27fc2769a1b78a27578f13a17b -> 
  custom:container-demuxer-webm: 4f35f7cbe854078d1ac9338744f61a02 -> 
  custom:container-demuxer-ogg: 62fdf1f143b41e24485cea50d1cbac27 -> 
  custom:video-encoder-webm-vp8: eb34c28f22e8b96e1ab97ce403110664 -> 
  custom:video-decoder-webm-vp8: 9c59270c3fd7afecdb556c50c9e8de78 -> 
  custom:audio-decoder-ogg-vorbis: bf7c407c2cedff20999df2af8eb42d56 -> 
  custom:audio-encoder-webm-vorbis: bf7c407c2cedff20999df2af8eb42d56 -> 
========================================================================
Received Prepare
Registering precompiled user dll's ...
Registered in 0.003628 seconds.
Begin MonoManager ReloadAssembly
Native extension for WindowsStandalone target not found
Refreshing native plugins compatible for Editor in 0.30 ms, found 2 plugins.
Preloading 0 native plugins for Editor in 0.00 ms.
Mono: successfully reloaded assembly
- Completed reload, in  0.746 seconds
Domain Reload Profiling:
	ReloadAssembly (747ms)
		BeginReloadAssembly (84ms)
			ExecutionOrderSort (0ms)
			DisableScriptedObjects (4ms)
			BackupInstance (0ms)
			ReleaseScriptingObjects (0ms)
			CreateAndSetChildDomain (24ms)
		EndReloadAssembly (607ms)
			LoadAssemblies (68ms)
			RebuildTransferFunctionScriptingTraits (0ms)
			SetupTypeCache (221ms)
			ReleaseScriptCaches (1ms)
			RebuildScriptCaches (30ms)
			SetupLoadedEditorAssemblies (212ms)
				LogAssemblyErrors (0ms)
				InitializePlatformSupportModulesInManaged (4ms)
				SetLoadedEditorAssemblies (0ms)
				RefreshPlugins (0ms)
				BeforeProcessingInitializeOnLoad (40ms)
				ProcessInitializeOnLoadAttributes (156ms)
				ProcessInitializeOnLoadMethodAttributes (7ms)
				AfterProcessingInitializeOnLoad (5ms)
				EditorAssembliesLoaded (0ms)
			ExecutionOrderSort2 (0ms)
			AwakeInstancesAfterBackupRestoration (5ms)
Platform modules already initialized, skipping
Refreshing native plugins compatible for Editor in 0.34 ms, found 2 plugins.
Preloading 0 native plugins for Editor in 0.00 ms.
Unloading 1499 Unused Serialized files (Serialized files now loaded: 0)
System memory in use before: 86.7 MB.
System memory in use after: 86.8 MB.

Unloading 14 unused Assets to reduce memory usage. Loaded Objects now: 2014.
Total: 2.261200 ms (FindLiveObjects: 0.110300 ms CreateObjectMapping: 0.037100 ms MarkObjects: 2.101400 ms  DeleteObjects: 0.011400 ms)

AssetImportParameters requested are different than current active one (requested -> active):
  custom:framework-win-MediaFoundation: 216162199b28c13a410421893ffa2e32 -> 
  custom:video-decoder-ogg-theora: a1e56fd34408186e4bbccfd4996cb3dc -> 
  custom:container-muxer-webm: aa71ff27fc2769a1b78a27578f13a17b -> 
  custom:container-demuxer-webm: 4f35f7cbe854078d1ac9338744f61a02 -> 
  custom:container-demuxer-ogg: 62fdf1f143b41e24485cea50d1cbac27 -> 
  custom:video-encoder-webm-vp8: eb34c28f22e8b96e1ab97ce403110664 -> 
  custom:video-decoder-webm-vp8: 9c59270c3fd7afecdb556c50c9e8de78 -> 
  custom:audio-decoder-ogg-vorbis: bf7c407c2cedff20999df2af8eb42d56 -> 
  custom:audio-encoder-webm-vorbis: bf7c407c2cedff20999df2af8eb42d56 -> 
AssetImportWorkerClient::OnTransportError - code=2 error=End of file
